<?xml version="1.0" encoding="UTF-8"?>
<!-- Generated by org.testng.reporters.JUnitXMLReporter -->
<testsuite ignored="0" hostname="DESKTOP-3GKGPFG" failures="0" tests="3" name="Default test" time="20.822" errors="0" timestamp="2023-10-27T12:23:14 IST">
  <testcase classname="testcases.FirstTest" name="loginToWeb" time="8.653"/>
  <testcase classname="testcases.FirstTest" name="selectCampaignForWithdrwal" time="4.211"/>
  <testcase classname="testcases.FirstTest" name="raiseRequestForWithdrwal" time="3.143"/>
</testsuite> <!-- Default test -->
